
Showing logs for build [32mcb-kubecd-bdd-gh-1574877265-pr-1[0m stage [32mfrom-build-pack[0m and container [32mstep-credential-initializer-nn4kw[0m
{"level":"warn","ts":1574878706.1561658,"logger":"fallback-logger","caller":"logging/config.go:69","msg":"Fetch GitHub commit ID from kodata failed: \"ref: refs/heads/master\" is not a valid GitHub commit ID"}
{"level":"info","ts":1574878706.1569092,"logger":"fallback-logger","caller":"creds-init/main.go:40","msg":"Credentials initialized."}

Showing logs for build [32mcb-kubecd-bdd-gh-1574877265-pr-1[0m stage [32mfrom-build-pack[0m and container [32mstep-working-dir-initializer-hrpsl[0m
{"level":"warn","ts":1574878706.6196373,"logger":"fallback-logger","caller":"logging/config.go:69","msg":"Fetch GitHub commit ID from kodata failed: open /var/run/ko/HEAD: no such file or directory"}
{"level":"info","ts":1574878706.6216106,"logger":"fallback-logger","caller":"bash/main.go:65","msg":"Successfully executed command \"mkdir -p /workspace/source\""}

Showing logs for build [32mcb-kubecd-bdd-gh-1574877265-pr-1[0m stage [32mfrom-build-pack[0m and container [32mstep-place-tools[0m

Showing logs for build [32mcb-kubecd-bdd-gh-1574877265-pr-1[0m stage [32mfrom-build-pack[0m and container [32mstep-git-source-cb-kubecd-bdd-gh-1574877265-pr-m8wg9[0m
{"level":"warn","ts":1574878713.9308143,"logger":"fallback-logger","caller":"logging/config.go:69","msg":"Fetch GitHub commit ID from kodata failed: \"ref: refs/heads/master\" is not a valid GitHub commit ID"}
{"level":"info","ts":1574878715.0693867,"logger":"fallback-logger","caller":"git/git.go:102","msg":"Successfully cloned https://github.com/cb-kubecd/bdd-gh-1574877265.git @ master in path /workspace/source"}

Showing logs for build [32mcb-kubecd-bdd-gh-1574877265-pr-1[0m stage [32mfrom-build-pack[0m and container [32mstep-git-merge[0m
Using SHAs from PULL_REFS=master:f74fe146d43e07067142925647c25fbc6605d489,1:3545d7f8e1d50f6113dc47e57ee13d02cd94e0ca
DEBUG: ran git fetch --unshallow origin 3545d7f8e1d50f6113dc47e57ee13d02cd94e0ca: f74fe146d43e07067142925647c25fbc6605d489: in 
DEBUG: ran git checkout master in 
DEBUG: ran git reset --hard f74fe146d43e07067142925647c25fbc6605d489 in 
DEBUG: ran clean --force -d . in 
DEBUG: ran git merge 3545d7f8e1d50f6113dc47e57ee13d02cd94e0ca in 
Merged SHA 3545d7f8e1d50f6113dc47e57ee13d02cd94e0ca with commit message 'My first PR commit' into base branch master

Showing logs for build [32mcb-kubecd-bdd-gh-1574877265-pr-1[0m stage [32mfrom-build-pack[0m and container [32mstep-build-make-linux[0m
CGO_ENABLED=0 GOOS=linux GOARCH=amd64 GO15VENDOREXPERIMENT=1 go build -ldflags '' -o bin/bdd-gh-1574877265 main.go

Showing logs for build [32mcb-kubecd-bdd-gh-1574877265-pr-1[0m stage [32mfrom-build-pack[0m and container [32mstep-build-container-build[0m
[36mINFO[0m[0000] No base image, nothing to extract            
[36mINFO[0m[0000] cmd: EXPOSE                                  
[36mINFO[0m[0000] Adding exposed port: 8080/tcp                
[36mINFO[0m[0000] Using files from context: [/workspace/source/bin] 
[36mINFO[0m[0000] Skipping unpacking as no commands require it. 
[36mINFO[0m[0000] Taking snapshot of full filesystem...        
[36mINFO[0m[0000] EXPOSE 8080                                  
[36mINFO[0m[0000] cmd: EXPOSE                                  
[36mINFO[0m[0000] Adding exposed port: 8080/tcp                
[36mINFO[0m[0000] No files changed in this command, skipping snapshotting. 
[36mINFO[0m[0000] ENTRYPOINT ["/bdd-gh-1574877265"]            
[36mINFO[0m[0000] No files changed in this command, skipping snapshotting. 
[36mINFO[0m[0000] Using files from context: [/workspace/source/bin] 
[36mINFO[0m[0000] COPY ./bin/ /                                
[36mINFO[0m[0000] Taking snapshot of files...                  
2019/11/27 18:18:53 pushed blob: sha256:e03bde73c90922cf1624b542057f5526bc42cc1b015227ecb344982cbc167ffd
2019/11/27 18:18:56 pushed blob: sha256:f73f51d6508c6ecd8a219a0de99c0ec55a5d2d41e26ca5d2b183868cf9f3e82e
2019/11/27 18:18:58 gcr.io/jenkins-x-bdd3/bdd-gh-1574877265:0.0.0-SNAPSHOT-PR-1-1: digest: sha256:3fcc2db5f24d49e8be86b31f69963dac79f70aaa678cc86602e7d113bb518cb6 size: 428

Showing logs for build [32mcb-kubecd-bdd-gh-1574877265-pr-1[0m stage [32mfrom-build-pack[0m and container [32mstep-postbuild-post-build[0m
no CVE provider running in the current ** namespace so skip adding image to be analysed

Showing logs for build [32mcb-kubecd-bdd-gh-1574877265-pr-1[0m stage [32mfrom-build-pack[0m and container [32mstep-promote-make-preview[0m
sed -i -e "s/version:.*/version: 0.0.0-SNAPSHOT-PR-1-1/" Chart.yaml
sed -i -e "s/version:.*/version: 0.0.0-SNAPSHOT-PR-1-1/" ../*/Chart.yaml
sed -i -e "s|repository:.*|repository: gcr.io\/jenkins-x-bdd3\/bdd-gh-1574877265|" values.yaml
sed -i -e "s/tag:.*/tag: 0.0.0-SNAPSHOT-PR-1-1/" values.yaml
echo "  version: 0.0.0-SNAPSHOT-PR-1-1" >> requirements.yaml
** step helm build
WARNING: No $CHART_REPOSITORY defined so using the default value of: http://jenkins-x-chartmuseum:8080
Adding missing Helm repo: storage.googleapis.com https://storage.googleapis.com/chartmuseum.jenkins-x.io
Read credentials for https://storage.googleapis.com/chartmuseum.jenkins-x.io from vault helm/repos
Successfully added Helm repository storage.googleapis.com.
Adding missing Helm repo: jenkins-x-chartmuseum http://jenkins-x-chartmuseum:8080
Read credentials for http://jenkins-x-chartmuseum:8080 from vault helm/repos
Successfully added Helm repository jenkins-x-chartmuseum.
WARNING: No $CHART_REPOSITORY defined so using the default value of: http://jenkins-x-chartmuseum:8080
Adding missing Helm repo: chartmuseum.jenkins-x.io http://chartmuseum.jenkins-x.io
Read credentials for http://chartmuseum.jenkins-x.io from vault helm/repos
Successfully added Helm repository chartmuseum.jenkins-x.io.

Showing logs for build [32mcb-kubecd-bdd-gh-1574877265-pr-1[0m stage [32mfrom-build-pack[0m and container [32mstep-promote-jx-preview[0m
Creating a preview
Created environment cb-kubecd-bdd-gh-1574877265-pr-1
Namespace **-cb-kubecd-bdd-gh-1574877265-pr-1 created 
expose:
  Annotations:
    helm.sh/hook: post-install,post-upgrade
    helm.sh/hook-delete-policy: hook-succeeded
  config:
    domain: 35.187.10.185.nip.io
    exposer: Ingress
    http: "true"
preview:
  image:
    repository: gcr.io/jenkins-x-bdd3/bdd-gh-1574877265
    tag: 0.0.0-SNAPSHOT-PR-1-1


Updating PipelineActivities cb-kubecd-bdd-gh-1574877265-pr-1-1 which has status Running
WARNING: preview application http://bdd-gh-1574877265.**-cb-kubecd-bdd-gh-1574877265-pr-1.35.187.10.185.nip.io not available, error was 503 503 Service Temporarily Unavailable, delaying for: 1.426986804s
Preview application is now available at: http://bdd-gh-1574877265.**-cb-kubecd-bdd-gh-1574877265-pr-1.35.187.10.185.nip.io
